# JRE version: OpenJDK Runtime Environment Temurin-21.0.7+6 (21.0.7+6) (build 21.0.7+6-LTS)
# Java VM: OpenJDK 64-Bit Server VM Temurin-21.0.7+6 (21.0.7+6-LTS, mixed mode, sharing, tiered, compressed oops, compressed class ptrs, g1 gc, windows-amd64)
GC Precious Log:
 CardTable entry size: 512
 Card Set container configuration: InlinePtr #cards 5 size 8 Array Of Cards #cards 12 size 40 Howl #buckets 4 coarsen threshold 1843 Howl Bitmap #cards 512 size 80 coarsen threshold 460 Card regions per heap region 1 cards per card region 2048
 CPUs: 16 total, 16 available
 Memory: 7501M
 Large Page Support: Disabled
 NUMA Support: Disabled
 Compressed Oops: Enabled (32-bit)
 Heap Region Size: 1M
 Heap Min Capacity: 512M
 Heap Initial Capacity: 512M
 Heap Max Capacity: 2G
 Pre-touch: Disabled
 Parallel Workers: 13
 Concurrent Workers: 3
 Concurrent Refinement Workers: 13
 Periodic GC: Disabled
Heap:
 garbage-first heap   total 524288K, used 140774K [0x0000000080000000, 0x0000000100000000)
  region size 1024K, 135 young (138240K), 26 survivors (26624K)
 Metaspace       used 41527K, committed 42560K, reserved 1114112K
  class space    used 3994K, committed 4480K, reserved 1048576K
GC Heap History (8 events):
Event: 1.609 GC heap before
{Heap before GC invocations=0 (full 0):
 garbage-first heap   total 524288K, used 25600K [0x0000000080000000, 0x0000000100000000)
  region size 1024K, 25 young (25600K), 0 survivors (0K)
 Metaspace       used 4208K, committed 4480K, reserved 1114112K
  class space    used 449K, committed 576K, reserved 1048576K
}
Event: 1.616 GC heap after
{Heap after GC invocations=1 (full 0):
 garbage-first heap   total 524288K, used 3426K [0x0000000080000000, 0x0000000100000000)
  region size 1024K, 4 young (4096K), 4 survivors (4096K)
 Metaspace       used 4208K, committed 4480K, reserved 1114112K
  class space    used 449K, committed 576K, reserved 1048576K
}
Event: 20.246 GC heap before
{Heap before GC invocations=1 (full 0):
 garbage-first heap   total 524288K, used 37218K [0x0000000080000000, 0x0000000100000000)
  region size 1024K, 38 young (38912K), 4 survivors (4096K)
 Metaspace       used 10177K, committed 10496K, reserved 1114112K
  class space    used 1048K, committed 1216K, reserved 1048576K
}
Event: 20.257 GC heap after
{Heap after GC invocations=2 (full 0):
 garbage-first heap   total 524288K, used 5764K [0x0000000080000000, 0x0000000100000000)
  region size 1024K, 3 young (3072K), 3 survivors (3072K)
 Metaspace       used 10177K, committed 10496K, reserved 1114112K
  class space    used 1048K, committed 1216K, reserved 1048576K
}
Event: 28.433 GC heap before
{Heap before GC invocations=2 (full 0):
 garbage-first heap   total 524288K, used 79492K [0x0000000080000000, 0x0000000100000000)
  region size 1024K, 77 young (78848K), 3 survivors (3072K)
 Metaspace       used 20828K, committed 21504K, reserved 1114112K
  class space    used 1986K, committed 2304K, reserved 1048576K
}
Event: 28.454 GC heap after
{Heap after GC invocations=3 (full 0):
 garbage-first heap   total 524288K, used 10218K [0x0000000080000000, 0x0000000100000000)
  region size 1024K, 7 young (7168K), 7 survivors (7168K)
 Metaspace       used 20828K, committed 21504K, reserved 1114112K
  class space    used 1986K, committed 2304K, reserved 1048576K
}
Event: 38.814 GC heap before
{Heap before GC invocations=4 (full 0):
 garbage-first heap   total 524288K, used 285674K [0x0000000080000000, 0x0000000100000000)
  region size 1024K, 276 young (282624K), 7 survivors (7168K)
 Metaspace       used 35363K, committed 36288K, reserved 1114112K
  class space    used 3489K, committed 3904K, reserved 1048576K
}
Event: 38.852 GC heap after
{Heap after GC invocations=5 (full 0):
 garbage-first heap   total 524288K, used 31206K [0x0000000080000000, 0x0000000100000000)
  region size 1024K, 26 young (26624K), 26 survivors (26624K)
 Metaspace       used 35363K, committed 36288K, reserved 1114112K
  class space    used 3489K, committed 3904K, reserved 1048576K
}

