# JRE version: OpenJDK Runtime Environment Temurin-21.0.7+6 (21.0.7+6) (build 21.0.7+6-LTS)
# Java VM: OpenJDK 64-Bit Server VM Temurin-21.0.7+6 (21.0.7+6-LTS, mixed mode, sharing, tiered, compressed oops, compressed class ptrs, g1 gc, windows-amd64)
GC Precious Log:
 CardTable entry size: 512
 Card Set container configuration: InlinePtr #cards 5 size 8 Array Of Cards #cards 12 size 40 Howl #buckets 4 coarsen threshold 1843 Howl Bitmap #cards 512 size 80 coarsen threshold 460 Card regions per heap region 1 cards per card region 2048
 CPUs: 16 total, 16 available
 Memory: 7501M
 Large Page Support: Disabled
 NUMA Support: Disabled
 Compressed Oops: Enabled (32-bit)
 Heap Region Size: 1M
 Heap Min Capacity: 512M
 Heap Initial Capacity: 512M
 Heap Max Capacity: 2G
 Pre-touch: Disabled
 Parallel Workers: 13
 Concurrent Workers: 3
 Concurrent Refinement Workers: 13
 Periodic GC: Disabled
Heap:
 garbage-first heap   total 524288K, used 131314K [0x0000000080000000, 0x0000000100000000)
  region size 1024K, 120 young (122880K), 28 survivors (28672K)
 Metaspace       used 48509K, committed 49728K, reserved 1114112K
  class space    used 5079K, committed 5632K, reserved 1048576K
GC Heap History (10 events):
Event: 1.832 GC heap before
{Heap before GC invocations=0 (full 0):
 garbage-first heap   total 524288K, used 25600K [0x0000000080000000, 0x0000000100000000)
  region size 1024K, 25 young (25600K), 0 survivors (0K)
 Metaspace       used 4167K, committed 4480K, reserved 1114112K
  class space    used 447K, committed 576K, reserved 1048576K
}
Event: 1.842 GC heap after
{Heap after GC invocations=1 (full 0):
 garbage-first heap   total 524288K, used 4251K [0x0000000080000000, 0x0000000100000000)
  region size 1024K, 4 young (4096K), 4 survivors (4096K)
 Metaspace       used 4167K, committed 4480K, reserved 1114112K
  class space    used 447K, committed 576K, reserved 1048576K
}
Event: 14.169 GC heap before
{Heap before GC invocations=1 (full 0):
 garbage-first heap   total 524288K, used 35995K [0x0000000080000000, 0x0000000100000000)
  region size 1024K, 36 young (36864K), 4 survivors (4096K)
 Metaspace       used 8940K, committed 9216K, reserved 1114112K
  class space    used 912K, committed 1024K, reserved 1048576K
}
Event: 14.180 GC heap after
{Heap after GC invocations=2 (full 0):
 garbage-first heap   total 524288K, used 6557K [0x0000000080000000, 0x0000000100000000)
  region size 1024K, 4 young (4096K), 4 survivors (4096K)
 Metaspace       used 8940K, committed 9216K, reserved 1114112K
  class space    used 912K, committed 1024K, reserved 1048576K
}
Event: 49.526 GC heap before
{Heap before GC invocations=2 (full 0):
 garbage-first heap   total 524288K, used 125341K [0x0000000080000000, 0x0000000100000000)
  region size 1024K, 122 young (124928K), 4 survivors (4096K)
 Metaspace       used 20593K, committed 21504K, reserved 1114112K
  class space    used 2077K, committed 2496K, reserved 1048576K
}
Event: 49.582 GC heap after
{Heap after GC invocations=3 (full 0):
 garbage-first heap   total 524288K, used 13962K [0x0000000080000000, 0x0000000100000000)
  region size 1024K, 11 young (11264K), 11 survivors (11264K)
 Metaspace       used 20593K, committed 21504K, reserved 1114112K
  class space    used 2077K, committed 2496K, reserved 1048576K
}
Event: 55.106 GC heap before
{Heap before GC invocations=4 (full 0):
 garbage-first heap   total 524288K, used 149130K [0x0000000080000000, 0x0000000100000000)
  region size 1024K, 143 young (146432K), 11 survivors (11264K)
 Metaspace       used 34863K, committed 35968K, reserved 1114112K
  class space    used 3495K, committed 3968K, reserved 1048576K
}
Event: 55.129 GC heap after
{Heap after GC invocations=5 (full 0):
 garbage-first heap   total 524288K, used 20871K [0x0000000080000000, 0x0000000100000000)
  region size 1024K, 16 young (16384K), 16 survivors (16384K)
 Metaspace       used 34863K, committed 35968K, reserved 1114112K
  class space    used 3495K, committed 3968K, reserved 1048576K
}
Event: 63.008 GC heap before
{Heap before GC invocations=6 (full 0):
 garbage-first heap   total 524288K, used 226695K [0x0000000080000000, 0x0000000100000000)
  region size 1024K, 217 young (222208K), 16 survivors (16384K)
 Metaspace       used 47425K, committed 48704K, reserved 1114112K
  class space    used 4987K, committed 5568K, reserved 1048576K
}
Event: 63.055 GC heap after
{Heap after GC invocations=7 (full 0):
 garbage-first heap   total 524288K, used 35058K [0x0000000080000000, 0x0000000100000000)
  region size 1024K, 28 young (28672K), 28 survivors (28672K)
 Metaspace       used 47425K, committed 48704K, reserved 1114112K
  class space    used 4987K, committed 5568K, reserved 1048576K
}

