# JRE version: OpenJDK Runtime Environment Temurin-21.0.7+6 (21.0.7+6) (build 21.0.7+6-LTS)
# Java VM: OpenJDK 64-Bit Server VM Temurin-21.0.7+6 (21.0.7+6-LTS, mixed mode, sharing, tiered, compressed oops, compressed class ptrs, parallel gc, windows-amd64)
GC Precious Log:
 CardTable entry size: 512
 CPUs: 16 total, 16 available
 Memory: 7501M
 Large Page Support: Disabled
 NUMA Support: Disabled
 Compressed Oops: Enabled (32-bit)
 Alignments: Space 512K, Generation 512K, Heap 2M
 Heap Min Capacity: 100M
 Heap Initial Capacity: 100M
 Heap Max Capacity: 1G
 Pre-touch: Disabled
 Parallel Workers: 13
Heap:
 PSYoungGen      total 5632K, used 2345K [0x00000000eab00000, 0x00000000eb200000, 0x0000000100000000)
  eden space 4096K, 29% used [0x00000000eab00000,0x00000000eac29bc0,0x00000000eaf00000)
  from space 1536K, 75% used [0x00000000eaf00000,0x00000000eb020c00,0x00000000eb080000)
  to   space 1536K, 0% used [0x00000000eb080000,0x00000000eb080000,0x00000000eb200000)
 ParOldGen       total 660480K, used 660251K [0x00000000c0000000, 0x00000000e8500000, 0x00000000eab00000)
  object space 660480K, 99% used [0x00000000c0000000,0x00000000e84c6e10,0x00000000e8500000)
 Metaspace       used 69419K, committed 70912K, reserved 1114112K
  class space    used 6974K, committed 7616K, reserved 1048576K
GC Heap History (20 events):
Event: 53.369 GC heap before
{Heap before GC invocations=930 (full 3):
 PSYoungGen      total 5120K, used 4768K [0x00000000eab00000, 0x00000000eb100000, 0x0000000100000000)
  eden space 4096K, 100% used [0x00000000eab00000,0x00000000eaf00000,0x00000000eaf00000)
  from space 1024K, 65% used [0x00000000eb000000,0x00000000eb0a8000,0x00000000eb100000)
  to   space 1024K, 0% used [0x00000000eaf00000,0x00000000eaf00000,0x00000000eb000000)
 ParOldGen       total 654336K, used 653877K [0x00000000c0000000, 0x00000000e7f00000, 0x00000000eab00000)
  object space 654336K, 99% used [0x00000000c0000000,0x00000000e7e8d650,0x00000000e7f00000)
 Metaspace       used 69418K, committed 70912K, reserved 1114112K
  class space    used 6974K, committed 7616K, reserved 1048576K
}
Event: 53.372 GC heap after
{Heap after GC invocations=930 (full 3):
 PSYoungGen      total 5120K, used 1013K [0x00000000eab00000, 0x00000000eb500000, 0x0000000100000000)
  eden space 4096K, 0% used [0x00000000eab00000,0x00000000eab00000,0x00000000eaf00000)
  from space 1024K, 98% used [0x00000000eaf00000,0x00000000eaffd500,0x00000000eb000000)
  to   space 3072K, 0% used [0x00000000eb200000,0x00000000eb200000,0x00000000eb500000)
 ParOldGen       total 655872K, used 655372K [0x00000000c0000000, 0x00000000e8080000, 0x00000000eab00000)
  object space 655872K, 99% used [0x00000000c0000000,0x00000000e8003250,0x00000000e8080000)
 Metaspace       used 69418K, committed 70912K, reserved 1114112K
  class space    used 6974K, committed 7616K, reserved 1048576K
}
Event: 53.492 GC heap before
{Heap before GC invocations=931 (full 3):
 PSYoungGen      total 5120K, used 5109K [0x00000000eab00000, 0x00000000eb500000, 0x0000000100000000)
  eden space 4096K, 100% used [0x00000000eab00000,0x00000000eaf00000,0x00000000eaf00000)
  from space 1024K, 98% used [0x00000000eaf00000,0x00000000eaffd500,0x00000000eb000000)
  to   space 3072K, 0% used [0x00000000eb200000,0x00000000eb200000,0x00000000eb500000)
 ParOldGen       total 655872K, used 655372K [0x00000000c0000000, 0x00000000e8080000, 0x00000000eab00000)
  object space 655872K, 99% used [0x00000000c0000000,0x00000000e8003250,0x00000000e8080000)
 Metaspace       used 69419K, committed 70912K, reserved 1114112K
  class space    used 6974K, committed 7616K, reserved 1048576K
}
Event: 53.494 GC heap after
{Heap after GC invocations=931 (full 3):
 PSYoungGen      total 4608K, used 416K [0x00000000eab00000, 0x00000000eb280000, 0x0000000100000000)
  eden space 4096K, 0% used [0x00000000eab00000,0x00000000eab00000,0x00000000eaf00000)
  from space 512K, 81% used [0x00000000eb200000,0x00000000eb268000,0x00000000eb280000)
  to   space 1536K, 0% used [0x00000000eaf80000,0x00000000eaf80000,0x00000000eb100000)
 ParOldGen       total 655872K, used 655492K [0x00000000c0000000, 0x00000000e8080000, 0x00000000eab00000)
  object space 655872K, 99% used [0x00000000c0000000,0x00000000e8021250,0x00000000e8080000)
 Metaspace       used 69419K, committed 70912K, reserved 1114112K
  class space    used 6974K, committed 7616K, reserved 1048576K
}
Event: 53.548 GC heap before
{Heap before GC invocations=932 (full 3):
 PSYoungGen      total 4608K, used 4512K [0x00000000eab00000, 0x00000000eb280000, 0x0000000100000000)
  eden space 4096K, 100% used [0x00000000eab00000,0x00000000eaf00000,0x00000000eaf00000)
  from space 512K, 81% used [0x00000000eb200000,0x00000000eb268000,0x00000000eb280000)
  to   space 1536K, 0% used [0x00000000eaf80000,0x00000000eaf80000,0x00000000eb100000)
 ParOldGen       total 655872K, used 655492K [0x00000000c0000000, 0x00000000e8080000, 0x00000000eab00000)
  object space 655872K, 99% used [0x00000000c0000000,0x00000000e8021250,0x00000000e8080000)
 Metaspace       used 69419K, committed 70912K, reserved 1114112K
  class space    used 6974K, committed 7616K, reserved 1048576K
}
Event: 53.550 GC heap after
{Heap after GC invocations=932 (full 3):
 PSYoungGen      total 5632K, used 677K [0x00000000eab00000, 0x00000000eb280000, 0x0000000100000000)
  eden space 4096K, 0% used [0x00000000eab00000,0x00000000eab00000,0x00000000eaf00000)
  from space 1536K, 44% used [0x00000000eaf80000,0x00000000eb0297e0,0x00000000eb100000)
  to   space 1024K, 0% used [0x00000000eb180000,0x00000000eb180000,0x00000000eb280000)
 ParOldGen       total 655872K, used 655628K [0x00000000c0000000, 0x00000000e8080000, 0x00000000eab00000)
  object space 655872K, 99% used [0x00000000c0000000,0x00000000e8043250,0x00000000e8080000)
 Metaspace       used 69419K, committed 70912K, reserved 1114112K
  class space    used 6974K, committed 7616K, reserved 1048576K
}
Event: 53.886 GC heap before
{Heap before GC invocations=933 (full 3):
 PSYoungGen      total 5632K, used 4773K [0x00000000eab00000, 0x00000000eb280000, 0x0000000100000000)
  eden space 4096K, 100% used [0x00000000eab00000,0x00000000eaf00000,0x00000000eaf00000)
  from space 1536K, 44% used [0x00000000eaf80000,0x00000000eb0297e0,0x00000000eb100000)
  to   space 1024K, 0% used [0x00000000eb180000,0x00000000eb180000,0x00000000eb280000)
 ParOldGen       total 655872K, used 655628K [0x00000000c0000000, 0x00000000e8080000, 0x00000000eab00000)
  object space 655872K, 99% used [0x00000000c0000000,0x00000000e8043250,0x00000000e8080000)
 Metaspace       used 69419K, committed 70912K, reserved 1114112K
  class space    used 6974K, committed 7616K, reserved 1048576K
}
Event: 53.888 GC heap after
{Heap after GC invocations=933 (full 3):
 PSYoungGen      total 5120K, used 768K [0x00000000eab00000, 0x00000000eb280000, 0x0000000100000000)
  eden space 4096K, 0% used [0x00000000eab00000,0x00000000eab00000,0x00000000eaf00000)
  from space 1024K, 75% used [0x00000000eb180000,0x00000000eb240000,0x00000000eb280000)
  to   space 1024K, 0% used [0x00000000eb080000,0x00000000eb080000,0x00000000eb180000)
 ParOldGen       total 656384K, used 656161K [0x00000000c0000000, 0x00000000e8100000, 0x00000000eab00000)
  object space 656384K, 99% used [0x00000000c0000000,0x00000000e80c8600,0x00000000e8100000)
 Metaspace       used 69419K, committed 70912K, reserved 1114112K
  class space    used 6974K, committed 7616K, reserved 1048576K
}
Event: 53.900 GC heap before
{Heap before GC invocations=934 (full 3):
 PSYoungGen      total 5120K, used 4864K [0x00000000eab00000, 0x00000000eb280000, 0x0000000100000000)
  eden space 4096K, 100% used [0x00000000eab00000,0x00000000eaf00000,0x00000000eaf00000)
  from space 1024K, 75% used [0x00000000eb180000,0x00000000eb240000,0x00000000eb280000)
  to   space 1024K, 0% used [0x00000000eb080000,0x00000000eb080000,0x00000000eb180000)
 ParOldGen       total 656384K, used 656161K [0x00000000c0000000, 0x00000000e8100000, 0x00000000eab00000)
  object space 656384K, 99% used [0x00000000c0000000,0x00000000e80c8600,0x00000000e8100000)
 Metaspace       used 69419K, committed 70912K, reserved 1114112K
  class space    used 6974K, committed 7616K, reserved 1048576K
}
Event: 53.902 GC heap after
{Heap after GC invocations=934 (full 3):
 PSYoungGen      total 5120K, used 790K [0x00000000eab00000, 0x00000000eb200000, 0x0000000100000000)
  eden space 4096K, 0% used [0x00000000eab00000,0x00000000eab00000,0x00000000eaf00000)
  from space 1024K, 77% used [0x00000000eb080000,0x00000000eb145808,0x00000000eb180000)
  to   space 512K, 0% used [0x00000000eb180000,0x00000000eb180000,0x00000000eb200000)
 ParOldGen       total 656896K, used 656761K [0x00000000c0000000, 0x00000000e8180000, 0x00000000eab00000)
  object space 656896K, 99% used [0x00000000c0000000,0x00000000e815e600,0x00000000e8180000)
 Metaspace       used 69419K, committed 70912K, reserved 1114112K
  class space    used 6974K, committed 7616K, reserved 1048576K
}
Event: 53.912 GC heap before
{Heap before GC invocations=935 (full 3):
 PSYoungGen      total 5120K, used 4886K [0x00000000eab00000, 0x00000000eb200000, 0x0000000100000000)
  eden space 4096K, 100% used [0x00000000eab00000,0x00000000eaf00000,0x00000000eaf00000)
  from space 1024K, 77% used [0x00000000eb080000,0x00000000eb145808,0x00000000eb180000)
  to   space 512K, 0% used [0x00000000eb180000,0x00000000eb180000,0x00000000eb200000)
 ParOldGen       total 656896K, used 656761K [0x00000000c0000000, 0x00000000e8180000, 0x00000000eab00000)
  object space 656896K, 99% used [0x00000000c0000000,0x00000000e815e600,0x00000000e8180000)
 Metaspace       used 69419K, committed 70912K, reserved 1114112K
  class space    used 6974K, committed 7616K, reserved 1048576K
}
Event: 53.915 GC heap after
{Heap after GC invocations=935 (full 3):
 PSYoungGen      total 4608K, used 512K [0x00000000eab00000, 0x00000000eb200000, 0x0000000100000000)
  eden space 4096K, 0% used [0x00000000eab00000,0x00000000eab00000,0x00000000eaf00000)
  from space 512K, 100% used [0x00000000eb180000,0x00000000eb200000,0x00000000eb200000)
  to   space 1536K, 0% used [0x00000000eaf00000,0x00000000eaf00000,0x00000000eb080000)
 ParOldGen       total 657920K, used 657415K [0x00000000c0000000, 0x00000000e8280000, 0x00000000eab00000)
  object space 657920K, 99% used [0x00000000c0000000,0x00000000e8201e08,0x00000000e8280000)
 Metaspace       used 69419K, committed 70912K, reserved 1114112K
  class space    used 6974K, committed 7616K, reserved 1048576K
}
Event: 53.926 GC heap before
{Heap before GC invocations=936 (full 3):
 PSYoungGen      total 4608K, used 4608K [0x00000000eab00000, 0x00000000eb200000, 0x0000000100000000)
  eden space 4096K, 100% used [0x00000000eab00000,0x00000000eaf00000,0x00000000eaf00000)
  from space 512K, 100% used [0x00000000eb180000,0x00000000eb200000,0x00000000eb200000)
  to   space 1536K, 0% used [0x00000000eaf00000,0x00000000eaf00000,0x00000000eb080000)
 ParOldGen       total 657920K, used 657415K [0x00000000c0000000, 0x00000000e8280000, 0x00000000eab00000)
  object space 657920K, 99% used [0x00000000c0000000,0x00000000e8201e08,0x00000000e8280000)
 Metaspace       used 69419K, committed 70912K, reserved 1114112K
  class space    used 6974K, committed 7616K, reserved 1048576K
}
Event: 53.928 GC heap after
{Heap after GC invocations=936 (full 3):
 PSYoungGen      total 5632K, used 736K [0x00000000eab00000, 0x00000000eb200000, 0x0000000100000000)
  eden space 4096K, 0% used [0x00000000eab00000,0x00000000eab00000,0x00000000eaf00000)
  from space 1536K, 47% used [0x00000000eaf00000,0x00000000eafb8000,0x00000000eb080000)
  to   space 1024K, 0% used [0x00000000eb100000,0x00000000eb100000,0x00000000eb200000)
 ParOldGen       total 658432K, used 657943K [0x00000000c0000000, 0x00000000e8300000, 0x00000000eab00000)
  object space 658432K, 99% used [0x00000000c0000000,0x00000000e8285e08,0x00000000e8300000)
 Metaspace       used 69419K, committed 70912K, reserved 1114112K
  class space    used 6974K, committed 7616K, reserved 1048576K
}
Event: 53.938 GC heap before
{Heap before GC invocations=937 (full 3):
 PSYoungGen      total 5632K, used 4832K [0x00000000eab00000, 0x00000000eb200000, 0x0000000100000000)
  eden space 4096K, 100% used [0x00000000eab00000,0x00000000eaf00000,0x00000000eaf00000)
  from space 1536K, 47% used [0x00000000eaf00000,0x00000000eafb8000,0x00000000eb080000)
  to   space 1024K, 0% used [0x00000000eb100000,0x00000000eb100000,0x00000000eb200000)
 ParOldGen       total 658432K, used 657943K [0x00000000c0000000, 0x00000000e8300000, 0x00000000eab00000)
  object space 658432K, 99% used [0x00000000c0000000,0x00000000e8285e08,0x00000000e8300000)
 Metaspace       used 69419K, committed 70912K, reserved 1114112K
  class space    used 6974K, committed 7616K, reserved 1048576K
}
Event: 53.941 GC heap after
{Heap after GC invocations=937 (full 3):
 PSYoungGen      total 5120K, used 812K [0x00000000eab00000, 0x00000000eb200000, 0x0000000100000000)
  eden space 4096K, 0% used [0x00000000eab00000,0x00000000eab00000,0x00000000eaf00000)
  from space 1024K, 79% used [0x00000000eb100000,0x00000000eb1cb008,0x00000000eb200000)
  to   space 1024K, 0% used [0x00000000eb000000,0x00000000eb000000,0x00000000eb100000)
 ParOldGen       total 658944K, used 658527K [0x00000000c0000000, 0x00000000e8380000, 0x00000000eab00000)
  object space 658944K, 99% used [0x00000000c0000000,0x00000000e8317e08,0x00000000e8380000)
 Metaspace       used 69419K, committed 70912K, reserved 1114112K
  class space    used 6974K, committed 7616K, reserved 1048576K
}
Event: 53.952 GC heap before
{Heap before GC invocations=938 (full 3):
 PSYoungGen      total 5120K, used 4908K [0x00000000eab00000, 0x00000000eb200000, 0x0000000100000000)
  eden space 4096K, 100% used [0x00000000eab00000,0x00000000eaf00000,0x00000000eaf00000)
  from space 1024K, 79% used [0x00000000eb100000,0x00000000eb1cb008,0x00000000eb200000)
  to   space 1024K, 0% used [0x00000000eb000000,0x00000000eb000000,0x00000000eb100000)
 ParOldGen       total 658944K, used 658527K [0x00000000c0000000, 0x00000000e8380000, 0x00000000eab00000)
  object space 658944K, 99% used [0x00000000c0000000,0x00000000e8317e08,0x00000000e8380000)
 Metaspace       used 69419K, committed 70912K, reserved 1114112K
  class space    used 6974K, committed 7616K, reserved 1048576K
}
Event: 53.954 GC heap after
{Heap after GC invocations=938 (full 3):
 PSYoungGen      total 5120K, used 736K [0x00000000eab00000, 0x00000000eb180000, 0x0000000100000000)
  eden space 4096K, 0% used [0x00000000eab00000,0x00000000eab00000,0x00000000eaf00000)
  from space 1024K, 71% used [0x00000000eb000000,0x00000000eb0b8000,0x00000000eb100000)
  to   space 512K, 0% used [0x00000000eb100000,0x00000000eb100000,0x00000000eb180000)
 ParOldGen       total 659456K, used 659139K [0x00000000c0000000, 0x00000000e8400000, 0x00000000eab00000)
  object space 659456K, 99% used [0x00000000c0000000,0x00000000e83b0e10,0x00000000e8400000)
 Metaspace       used 69419K, committed 70912K, reserved 1114112K
  class space    used 6974K, committed 7616K, reserved 1048576K
}
Event: 53.966 GC heap before
{Heap before GC invocations=939 (full 3):
 PSYoungGen      total 5120K, used 4832K [0x00000000eab00000, 0x00000000eb180000, 0x0000000100000000)
  eden space 4096K, 100% used [0x00000000eab00000,0x00000000eaf00000,0x00000000eaf00000)
  from space 1024K, 71% used [0x00000000eb000000,0x00000000eb0b8000,0x00000000eb100000)
  to   space 512K, 0% used [0x00000000eb100000,0x00000000eb100000,0x00000000eb180000)
 ParOldGen       total 659456K, used 659139K [0x00000000c0000000, 0x00000000e8400000, 0x00000000eab00000)
  object space 659456K, 99% used [0x00000000c0000000,0x00000000e83b0e10,0x00000000e8400000)
 Metaspace       used 69419K, committed 70912K, reserved 1114112K
  class space    used 6974K, committed 7616K, reserved 1048576K
}
Event: 55.018 GC heap after
{Heap after GC invocations=939 (full 3):
 PSYoungGen      total 4608K, used 512K [0x00000000eab00000, 0x00000000eb200000, 0x0000000100000000)
  eden space 4096K, 0% used [0x00000000eab00000,0x00000000eab00000,0x00000000eaf00000)
  from space 512K, 100% used [0x00000000eb100000,0x00000000eb180000,0x00000000eb180000)
  to   space 1536K, 0% used [0x00000000eaf00000,0x00000000eaf00000,0x00000000eb080000)
 ParOldGen       total 659968K, used 659811K [0x00000000c0000000, 0x00000000e8480000, 0x00000000eab00000)
  object space 659968K, 99% used [0x00000000c0000000,0x00000000e8458e10,0x00000000e8480000)
 Metaspace       used 69419K, committed 70912K, reserved 1114112K
  class space    used 6974K, committed 7616K, reserved 1048576K
}

