# JRE version: Java(TM) SE Runtime Environment (21.0.3+7) (build 21.0.3+7-LTS-152)
# Java VM: Java HotSpot(TM) 64-Bit Server VM (21.0.3+7-LTS-152, mixed mode, sharing, tiered, compressed oops, compressed class ptrs, g1 gc, windows-amd64)
GC Precious Log:
 CardTable entry size: 512
 Card Set container configuration: InlinePtr #cards 5 size 8 Array Of Cards #cards 12 size 40 Howl #buckets 4 coarsen threshold 1843 Howl Bitmap #cards 512 size 80 coarsen threshold 460 Card regions per heap region 1 cards per card region 2048
 CPUs: 16 total, 16 available
 Memory: 7501M
 Large Page Support: Disabled
 NUMA Support: Disabled
 Compressed Oops: Enabled (32-bit)
 Heap Region Size: 1M
 Heap Min Capacity: 8M
 Heap Initial Capacity: 118M
 Heap Max Capacity: 1876M
 Pre-touch: Disabled
 Parallel Workers: 13
 Concurrent Workers: 3
 Concurrent Refinement Workers: 13
 Periodic GC: Disabled
Heap:
 garbage-first heap   total 130048K, used 37038K [0x000000008ac00000, 0x0000000100000000)
  region size 1024K, 3 young (3072K), 1 survivors (1024K)
 Metaspace       used 104741K, committed 120256K, reserved 1245184K
  class space    used 12128K, committed 14144K, reserved 1048576K
GC Heap History (20 events):
Event: 84241.191 GC heap before
{Heap before GC invocations=623 (full 218):
 garbage-first heap   total 133120K, used 116342K [0x000000008ac00000, 0x0000000100000000)
  region size 1024K, 78 young (79872K), 1 survivors (1024K)
 Metaspace       used 104741K, committed 120256K, reserved 1245184K
  class space    used 12128K, committed 14144K, reserved 1048576K
}
Event: 84241.195 GC heap after
{Heap after GC invocations=624 (full 218):
 garbage-first heap   total 133120K, used 37565K [0x000000008ac00000, 0x0000000100000000)
  region size 1024K, 1 young (1024K), 1 survivors (1024K)
 Metaspace       used 104741K, committed 120256K, reserved 1245184K
  class space    used 12128K, committed 14144K, reserved 1048576K
}
Event: 84280.951 GC heap before
{Heap before GC invocations=624 (full 218):
 garbage-first heap   total 133120K, used 116413K [0x000000008ac00000, 0x0000000100000000)
  region size 1024K, 78 young (79872K), 1 survivors (1024K)
 Metaspace       used 104741K, committed 120256K, reserved 1245184K
  class space    used 12128K, committed 14144K, reserved 1048576K
}
Event: 84280.959 GC heap after
{Heap after GC invocations=625 (full 218):
 garbage-first heap   total 133120K, used 36931K [0x000000008ac00000, 0x0000000100000000)
  region size 1024K, 1 young (1024K), 1 survivors (1024K)
 Metaspace       used 104741K, committed 120256K, reserved 1245184K
  class space    used 12128K, committed 14144K, reserved 1048576K
}
Event: 84320.608 GC heap before
{Heap before GC invocations=625 (full 218):
 garbage-first heap   total 133120K, used 115779K [0x000000008ac00000, 0x0000000100000000)
  region size 1024K, 78 young (79872K), 1 survivors (1024K)
 Metaspace       used 104741K, committed 120256K, reserved 1245184K
  class space    used 12128K, committed 14144K, reserved 1048576K
}
Event: 84320.613 GC heap after
{Heap after GC invocations=626 (full 218):
 garbage-first heap   total 133120K, used 36939K [0x000000008ac00000, 0x0000000100000000)
  region size 1024K, 1 young (1024K), 1 survivors (1024K)
 Metaspace       used 104741K, committed 120256K, reserved 1245184K
  class space    used 12128K, committed 14144K, reserved 1048576K
}
Event: 84360.276 GC heap before
{Heap before GC invocations=627 (full 218):
 garbage-first heap   total 133120K, used 115787K [0x000000008ac00000, 0x0000000100000000)
  region size 1024K, 78 young (79872K), 1 survivors (1024K)
 Metaspace       used 104741K, committed 120256K, reserved 1245184K
  class space    used 12128K, committed 14144K, reserved 1048576K
}
Event: 84360.278 GC heap after
{Heap after GC invocations=628 (full 218):
 garbage-first heap   total 133120K, used 36975K [0x000000008ac00000, 0x0000000100000000)
  region size 1024K, 1 young (1024K), 1 survivors (1024K)
 Metaspace       used 104741K, committed 120256K, reserved 1245184K
  class space    used 12128K, committed 14144K, reserved 1048576K
}
Event: 84399.667 GC heap before
{Heap before GC invocations=628 (full 218):
 garbage-first heap   total 133120K, used 115823K [0x000000008ac00000, 0x0000000100000000)
  region size 1024K, 78 young (79872K), 1 survivors (1024K)
 Metaspace       used 104741K, committed 120256K, reserved 1245184K
  class space    used 12128K, committed 14144K, reserved 1048576K
}
Event: 84399.672 GC heap after
{Heap after GC invocations=629 (full 218):
 garbage-first heap   total 133120K, used 36690K [0x000000008ac00000, 0x0000000100000000)
  region size 1024K, 1 young (1024K), 1 survivors (1024K)
 Metaspace       used 104741K, committed 120256K, reserved 1245184K
  class space    used 12128K, committed 14144K, reserved 1048576K
}
Event: 84439.329 GC heap before
{Heap before GC invocations=629 (full 218):
 garbage-first heap   total 133120K, used 115538K [0x000000008ac00000, 0x0000000100000000)
  region size 1024K, 78 young (79872K), 1 survivors (1024K)
 Metaspace       used 104741K, committed 120256K, reserved 1245184K
  class space    used 12128K, committed 14144K, reserved 1048576K
}
Event: 84439.332 GC heap after
{Heap after GC invocations=630 (full 218):
 garbage-first heap   total 133120K, used 36583K [0x000000008ac00000, 0x0000000100000000)
  region size 1024K, 1 young (1024K), 1 survivors (1024K)
 Metaspace       used 104741K, committed 120256K, reserved 1245184K
  class space    used 12128K, committed 14144K, reserved 1048576K
}
Event: 84478.709 GC heap before
{Heap before GC invocations=631 (full 218):
 garbage-first heap   total 133120K, used 115431K [0x000000008ac00000, 0x0000000100000000)
  region size 1024K, 78 young (79872K), 1 survivors (1024K)
 Metaspace       used 104741K, committed 120256K, reserved 1245184K
  class space    used 12128K, committed 14144K, reserved 1048576K
}
Event: 84478.712 GC heap after
{Heap after GC invocations=632 (full 218):
 garbage-first heap   total 133120K, used 36699K [0x000000008ac00000, 0x0000000100000000)
  region size 1024K, 1 young (1024K), 1 survivors (1024K)
 Metaspace       used 104741K, committed 120256K, reserved 1245184K
  class space    used 12128K, committed 14144K, reserved 1048576K
}
Event: 84518.430 GC heap before
{Heap before GC invocations=632 (full 218):
 garbage-first heap   total 133120K, used 115547K [0x000000008ac00000, 0x0000000100000000)
  region size 1024K, 78 young (79872K), 1 survivors (1024K)
 Metaspace       used 104741K, committed 120256K, reserved 1245184K
  class space    used 12128K, committed 14144K, reserved 1048576K
}
Event: 84518.437 GC heap after
{Heap after GC invocations=633 (full 218):
 garbage-first heap   total 133120K, used 36032K [0x000000008ac00000, 0x0000000100000000)
  region size 1024K, 1 young (1024K), 1 survivors (1024K)
 Metaspace       used 104741K, committed 120256K, reserved 1245184K
  class space    used 12128K, committed 14144K, reserved 1048576K
}
Event: 84558.143 GC heap before
{Heap before GC invocations=633 (full 218):
 garbage-first heap   total 133120K, used 114880K [0x000000008ac00000, 0x0000000100000000)
  region size 1024K, 78 young (79872K), 1 survivors (1024K)
 Metaspace       used 104741K, committed 120256K, reserved 1245184K
  class space    used 12128K, committed 14144K, reserved 1048576K
}
Event: 84558.148 GC heap after
{Heap after GC invocations=634 (full 218):
 garbage-first heap   total 133120K, used 36083K [0x000000008ac00000, 0x0000000100000000)
  region size 1024K, 1 young (1024K), 1 survivors (1024K)
 Metaspace       used 104741K, committed 120256K, reserved 1245184K
  class space    used 12128K, committed 14144K, reserved 1048576K
}
Event: 84596.925 GC heap before
{Heap before GC invocations=635 (full 218):
 garbage-first heap   total 130048K, used 112883K [0x000000008ac00000, 0x0000000100000000)
  region size 1024K, 76 young (77824K), 1 survivors (1024K)
 Metaspace       used 104741K, committed 120256K, reserved 1245184K
  class space    used 12128K, committed 14144K, reserved 1048576K
}
Event: 84596.929 GC heap after
{Heap after GC invocations=636 (full 218):
 garbage-first heap   total 130048K, used 36014K [0x000000008ac00000, 0x0000000100000000)
  region size 1024K, 1 young (1024K), 1 survivors (1024K)
 Metaspace       used 104741K, committed 120256K, reserved 1245184K
  class space    used 12128K, committed 14144K, reserved 1048576K
}

